This is pdfTeXk, Version 3.14159-1.10b (Web2C 7.4.5) (format=pdflatex 2005.1.19)  1 OCT 2006 21:51
 file:line:error style messages enabled.
**\nonstopmode \input /home/enos/work/portfolio/trunk/portfolio/inst/doc/tradel
ist.tex
(/home/enos/work/portfolio/trunk/portfolio/inst/doc/tradelist.tex
(/usr/share/texmf/tex/latex/base/article.cls
Document Class: article 2001/04/21 v1.4e Standard LaTeX document class
(/usr/share/texmf/tex/latex/base/size10.clo
File: size10.clo 2001/04/21 v1.4e Standard LaTeX file (size option)
)
\c@part=\count79
\c@section=\count80
\c@subsection=\count81
\c@subsubsection=\count82
\c@paragraph=\count83
\c@subparagraph=\count84
\c@figure=\count85
\c@table=\count86
\abovecaptionskip=\skip41
\belowcaptionskip=\skip42
\bibindent=\dimen102
)
(/usr/share/texmf/tex/latex/natbib/natbib.sty
Package: natbib 2000/07/24 7.0a (PWD)
\bibhang=\skip43
\bibsep=\skip44
LaTeX Info: Redefining \cite on input line 508.
\c@NAT@ctr=\count87
)
(/home/enos/src/R-rc/share/texmf/Sweave.sty
Package: Sweave 

(/usr/share/texmf/tex/latex/base/ifthen.sty
Package: ifthen 2001/05/26 v1.1c Standard LaTeX ifthen package (DPC)
)
(/usr/share/texmf/tex/latex/graphics/graphicx.sty
Package: graphicx 1999/02/16 v1.0f Enhanced LaTeX Graphics (DPC,SPQR)

(/usr/share/texmf/tex/latex/graphics/keyval.sty
Package: keyval 1999/03/16 v1.13 key=value parser (DPC)
\KV@toks@=\toks14
)
(/usr/share/texmf/tex/latex/graphics/graphics.sty
Package: graphics 2001/07/07 v1.0n Standard LaTeX Graphics (DPC,SPQR)

(/usr/share/texmf/tex/latex/graphics/trig.sty
Package: trig 1999/03/16 v1.09 sin cos tan (DPC)
)
(/usr/share/texmf/tex/latex/config/graphics.cfg
File: graphics.cfg 2001/08/31 v1.1 graphics configuration of teTeX/TeXLive
)
Package graphics Info: Driver file: pdftex.def on input line 80.

(/usr/share/texmf/tex/latex/graphics/pdftex.def
File: pdftex.def 2002/06/19 v0.03k graphics/color for pdftex
\Gread@gobject=\count88
))
\Gin@req@height=\dimen103
\Gin@req@width=\dimen104
)
(/usr/share/texmf/tex/latex/fancyvrb/fancyvrb.sty
Package: fancyvrb 2000/03/21

Style option: `fancyvrb' v2.7, with DG/SPQR fixes <2000/03/21> (tvz)
\FV@CodeLineNo=\count89
\FV@InFile=\read1
\FV@TabBox=\box26
\c@FancyVerbLine=\count90
\FV@StepNumber=\count91
\FV@OutFile=\write3
)
(/home/enos/src/R-rc/share/texmf/upquote.sty
Package: upquote 2003/08/11 v1.1 Covington's upright-quote modification to verb
atim and verb

(/usr/share/texmf/tex/latex/base/textcomp.sty
Package: textcomp 2001/06/05 v1.94 Standard LaTeX package

(/usr/share/texmf/tex/latex/base/ts1enc.def
File: ts1enc.def 2001/06/05 v3.0e (jk/car/fm) Standard LaTeX file
)))
(/usr/share/texmf/tex/latex/base/fontenc.sty
Package: fontenc 2001/06/05 v1.94 Standard LaTeX package

(/usr/share/texmf/tex/latex/base/t1enc.def
File: t1enc.def 2001/06/05 v1.94 Standard LaTeX file
LaTeX Font Info:    Redeclaring font encoding T1 on input line 38.
))
(/usr/share/texmf/tex/latex/ae/ae.sty
Package: ae 2001/02/12 1.3 Almost European Computer Modern

(/usr/share/texmf/tex/latex/base/fontenc.sty
Package: fontenc 2001/06/05 v1.94 Standard LaTeX package

(/usr/share/texmf/tex/latex/base/t1enc.def
File: t1enc.def 2001/06/05 v1.94 Standard LaTeX file
LaTeX Font Info:    Redeclaring font encoding T1 on input line 38.
)
LaTeX Font Info:    Try loading font information for T1+aer on input line 95.

(/usr/share/texmf/tex/latex/ae/t1aer.fd
File: t1aer.fd 1997/11/16 Font definitions for T1/aer.
)))) (./tradelist.aux)
\openout1 = `tradelist.aux'.

LaTeX Font Info:    Checking defaults for OML/cmm/m/it on input line 27.
LaTeX Font Info:    ... okay on input line 27.
LaTeX Font Info:    Checking defaults for T1/cmr/m/n on input line 27.
LaTeX Font Info:    ... okay on input line 27.
LaTeX Font Info:    Checking defaults for OT1/cmr/m/n on input line 27.
LaTeX Font Info:    ... okay on input line 27.
LaTeX Font Info:    Checking defaults for OMS/cmsy/m/n on input line 27.
LaTeX Font Info:    ... okay on input line 27.
LaTeX Font Info:    Checking defaults for OMX/cmex/m/n on input line 27.
LaTeX Font Info:    ... okay on input line 27.
LaTeX Font Info:    Checking defaults for U/cmr/m/n on input line 27.
LaTeX Font Info:    ... okay on input line 27.
LaTeX Font Info:    Checking defaults for TS1/cmr/m/n on input line 27.
LaTeX Font Info:    Try loading font information for TS1+cmr on input line 27.

(/usr/share/texmf/tex/latex/base/ts1cmr.fd
File: ts1cmr.fd 1999/05/25 v2.5h Standard LaTeX font definitions
)
LaTeX Font Info:    ... okay on input line 27.

(/usr/share/texmf/tex/context/base/supp-pdf.tex
(/usr/share/texmf/tex/context/base/supp-mis.tex
loading : Context Support Macros / Missing
\protectiondepth=\count92
\scratchcounter=\count93
\scratchtoks=\toks15
\scratchdimen=\dimen105
\scratchskip=\skip45
\scratchmuskip=\muskip10
\scratchbox=\box27
\scratchread=\read2
\scratchwrite=\write4
\zeropoint=\dimen106
\minusone=\count94
\thousandpoint=\dimen107
\emptytoks=\toks16
\nextbox=\box28
\nextdepth=\dimen108
\everyline=\toks17
\!!counta=\count95
\!!countb=\count96
\recursecounter=\count97
)
loading : Context Support Macros / PDF
\nofMPsegments=\count98
\nofMParguments=\count99
\everyMPtoPDFconversion=\toks18
)
LaTeX Font Info:    Try loading font information for T1+aett on input line 35.
 (/usr/share/texmf/tex/latex/ae/t1aett.fd
File: t1aett.fd 1997/11/16 Font definitions for T1/aett.
)
LaTeX Font Info:    External font `cmex10' loaded for size
(Font)              <12> on input line 35.
LaTeX Font Info:    External font `cmex10' loaded for size
(Font)              <8> on input line 35.
LaTeX Font Info:    External font `cmex10' loaded for size
(Font)              <6> on input line 35.
LaTeX Font Info:    External font `cmex10' loaded for size
(Font)              <7> on input line 73.
LaTeX Font Info:    External font `cmex10' loaded for size
(Font)              <5> on input line 73.
LaTeX Font Info:    Try loading font information for TS1+aer on input line 87.

(/home/enos/src/R-rc/share/texmf/ts1aer.fd
File: ts1aer.fd 
)
LaTeX Font Info:    Font shape `TS1/aer/m/n' in size <10> not available
(Font)              Font shape `TS1/cmr/m/n' tried instead on input line 87.
 [1

{/usr/share/texmf/dvips/config/pdftex.map}] [2] [3] [4] [5] [6]
Overfull \hbox (1.65744pt too wide) in paragraph at lines 452--462
/aer10/As sorts ex-press pref-er-ences amongst trades, weights ex-press pref-er
-ences amongst
 []

[7] [8] [9] [10]
Underfull \hbox (badness 10000) in paragraph at lines 721--724

 []

[11] [12] [13] [14]

LaTeX Warning: Reference `' on page 15 undefined on input line 1001.

[15] [16] [17] [18]

LaTeX Warning: Reference `' on page 19 undefined on input line 1255.

[19]

LaTeX Warning: Reference `' on page 20 undefined on input line 1287.

[20] [21]

LaTeX Font Warning: Font shape `T1/aett/bx/n' undefined
(Font)              using `T1/aett/m/n' instead on input line 2489.

[22]
Overfull \hbox (11.33661pt too wide) in paragraph at lines 2570--2578
/aett10/calcChunks/aer10/, /aett10/calcSwaps/aer10/, /aett10/calcSwapsActual/ae
r10/, /aett10/calcChunksActual/aer10/, and /aett10/calcActual/aer10/. 
 []

[23] [24] [25] [26] [27] [28] [29]
Overfull \hbox (20.3477pt too wide) in paragraph at lines 3052--3056
/aer10/ence in mar-ket value be-tween the orig-i-nal and tar-get port-fo-lios, 
the /aett10/calcSwapsActual
 []

[30] [31] [32] [33] [34] [35] [36] [37] [38] [39] [40] [41] [42] [43] [44]
(./tradelist.aux)

LaTeX Font Warning: Some font shapes were not available, defaults substituted.


LaTeX Warning: There were undefined references.

 ) 
Here is how much of TeX's memory you used:
 2352 strings out of 95437
 30863 string characters out of 1188125
 83009 words of memory out of 1000001
 5313 multiletter control sequences out of 10000+50000
 47751 words of font info for 101 fonts, out of 500000 for 1000
 14 hyphenation exceptions out of 1000
 35i,9n,23p,312b,434s stack positions out of 1500i,500n,5000p,200000b,5000s
 210 PDF objects out of 300000
 0 named destinations out of 131072
 0 words of extra memory for PDF output out of 65536
{/usr/share/texmf/dvips/tetex/09fbbfac.enc}</usr/share/texmf/fonts/type1/blue
sky/cm/cmsltt10.pfb></usr/share/texmf/fonts/type1/bluesky/cm/cmtt8.pfb>{/usr/sh
are/texmf/dvips/tetex/aae443f0.enc}</usr/share/texmf/fonts/type1/bluesky/cm/cmm
i6.pfb></usr/share/texmf/fonts/type1/bluesky/cm/cmmi8.pfb></usr/share/texmf/fon
ts/type1/bluesky/cm/cmmi7.pfb>{/usr/share/texmf/dvips/tetex/bbad153f.enc}</usr/
share/texmf/fonts/type1/bluesky/cm/cmsy10.pfb></usr/share/texmf/fonts/type1/blu
esky/cm/cmmi10.pfb>{/usr/share/texmf/dvips/tetex/74afc74c.enc}</usr/share/texmf
/fonts/type1/bluesky/cm/cmti10.pfb>{/usr/share/texmf/dvips/tetex/f7b6d320.enc}<
/usr/share/texmf/fonts/type1/bluesky/cm/cmr8.pfb></usr/share/texmf/fonts/type1/
bluesky/cm/cmr6.pfb></usr/share/texmf/fonts/type1/bluesky/cm/cmtt10.pfb></usr/s
hare/texmf/fonts/type1/bluesky/cm/cmsl10.pfb></usr/share/texmf/fonts/type1/blue
sky/cm/cmbx10.pfb> </var/lib/texmf/pk/ljfour/jknappen/tc/tcrm1000.600pk></usr/s
hare/texmf/fonts/type1/bluesky/cm/cmr7.pfb></usr/share/texmf/fonts/type1/bluesk
y/cm/cmex10.pfb></usr/share/texmf/fonts/type1/bluesky/cm/cmr10.pfb></usr/share/
texmf/fonts/type1/bluesky/cm/cmbx12.pfb></usr/share/texmf/fonts/type1/bluesky/c
m/cmtt9.pfb></usr/share/texmf/fonts/type1/bluesky/cm/cmr9.pfb></usr/share/texmf
/fonts/type1/bluesky/cm/cmbx9.pfb></usr/share/texmf/fonts/type1/bluesky/cm/cmr1
2.pfb></usr/share/texmf/fonts/type1/bluesky/cm/cmtt12.pfb></usr/share/texmf/fon
ts/type1/bluesky/cm/cmr17.pfb>
Output written on tradelist.pdf (44 pages, 273510 bytes).
